<?xml version="1.0" encoding="UTF-8"?>
<!-- Generated by org.testng.reporters.JUnitReportReporter -->
<testsuite hostname="DESKTOP-UOB7C2O" failures="0" tests="5" name="testngtopic.multiple.RetrivingFromExcelLibrary" time="44.143" errors="0" timestamp="2023-08-22T17:06:06 IST" skipped="0">
  <testcase classname="testngtopic.multiple.RetrivingFromExcelLibrary" name="testMultipleLogins" time="8.867"/>
  <testcase classname="testngtopic.multiple.RetrivingFromExcelLibrary" name="testMultipleLogins" time="7.762"/>
  <testcase classname="testngtopic.multiple.RetrivingFromExcelLibrary" name="testMultipleLogins" time="7.417"/>
  <testcase classname="testngtopic.multiple.RetrivingFromExcelLibrary" name="testMultipleLogins" time="9.771"/>
  <testcase classname="testngtopic.multiple.RetrivingFromExcelLibrary" name="testMultipleLogins" time="10.326"/>
</testsuite> <!-- testngtopic.multiple.RetrivingFromExcelLibrary -->
