<?xml version="1.0" encoding="UTF-8"?>
<!-- Generated by org.testng.reporters.JUnitReportReporter -->
<testsuite hostname="DESKTOP-UOB7C2O" failures="0" tests="3" name="testngtopic.multiple.MultipleTimeSameTest" time="21.754" errors="0" timestamp="2023-08-21T19:11:34 IST" skipped="0">
  <testcase classname="testngtopic.multiple.MultipleTimeSameTest" name="testLogin" time="6.967"/>
  <testcase classname="testngtopic.multiple.MultipleTimeSameTest" name="testLogin" time="7.464"/>
  <testcase classname="testngtopic.multiple.MultipleTimeSameTest" name="testLogin" time="7.323"/>
</testsuite> <!-- testngtopic.multiple.MultipleTimeSameTest -->
