<?xml version="1.0" encoding="UTF-8"?>
<!-- Generated by org.testng.reporters.JUnitReportReporter -->
<testsuite hostname="DESKTOP-UOB7C2O" failures="0" tests="2" name="extentreports.TestUsersAndReports" time="13.950" errors="0" timestamp="2023-08-31T11:45:20 IST" skipped="0">
  <testcase classname="extentreports.TestUsersAndReports" name="testReports" time="8.832"/>
  <testcase classname="extentreports.TestUsersAndReports" name="testReports" time="5.118"/>
</testsuite> <!-- extentreports.TestUsersAndReports -->
