<?xml version="1.0" encoding="UTF-8"?>
<!-- Generated by org.testng.reporters.JUnitReportReporter -->
<testsuite hostname="DESKTOP-UOB7C2O" failures="0" tests="1" name="testngtopic.xmlconfig.TC011" time="0.021" errors="0" timestamp="2023-08-24T18:18:47 IST" skipped="0">
  <testcase classname="testngtopic.xmlconfig.TC011" name="testCase" time="0.021"/>
</testsuite> <!-- testngtopic.xmlconfig.TC011 -->
