<?xml version="1.0" encoding="UTF-8"?>
<!-- Generated by org.testng.reporters.JUnitReportReporter -->
<testsuite hostname="DESKTOP-UOB7C2O" failures="0" tests="1" name="testngtopic.multiple.Dependency" time="0.005" errors="0" timestamp="2023-08-23T16:26:03 IST" skipped="0">
  <testcase classname="testngtopic.multiple.Dependency" name="testComment" time="0.005"/>
</testsuite> <!-- testngtopic.multiple.Dependency -->
