<?xml version="1.0" encoding="UTF-8"?>
<!-- Generated by org.testng.reporters.JUnitReportReporter -->
<testsuite hostname="DESKTOP-UOB7C2O" failures="0" tests="2" name="testngtopic.xmlconfig.TC022" time="0.010" errors="0" timestamp="2023-08-30T17:06:19 IST" skipped="0">
  <testcase classname="testngtopic.xmlconfig.TC022" name="addFamily1" time="0.008"/>
  <testcase classname="testngtopic.xmlconfig.TC022" name="addFamily1" time="0.002"/>
</testsuite> <!-- testngtopic.xmlconfig.TC022 -->
