<?xml version="1.0" encoding="UTF-8"?>
<!-- Generated by org.testng.reporters.JUnitReportReporter -->
<testsuite hostname="DESKTOP-UOB7C2O" failures="0" tests="4" name="testngtopic.xmlconfig.TC020" time="0.019" errors="0" timestamp="2023-08-25T17:08:59 IST" skipped="0">
  <testcase classname="testngtopic.xmlconfig.TC020" name="addCloseFriend2" time="0.002"/>
  <testcase classname="testngtopic.xmlconfig.TC020" name="addCloseFriend1" time="0.009"/>
  <testcase classname="testngtopic.xmlconfig.TC020" name="addCloseFriend2" time="0.005"/>
  <testcase classname="testngtopic.xmlconfig.TC020" name="addCloseFriend1" time="0.003"/>
</testsuite> <!-- testngtopic.xmlconfig.TC020 -->
