<?xml version="1.0" encoding="UTF-8"?>
<!-- Generated by org.testng.reporters.JUnitReportReporter -->
<testsuite hostname="DESKTOP-UOB7C2O" failures="0" tests="4" name="testngtopic.multiple.Priority" time="0.053" errors="0" timestamp="2023-08-22T19:27:53 IST" skipped="0">
  <testcase classname="testngtopic.multiple.Priority" name="addFriend" time="0.010"/>
  <testcase classname="testngtopic.multiple.Priority" name="addCloseFriend" time="0.027"/>
  <testcase classname="testngtopic.multiple.Priority" name="addComment" time="0.007"/>
  <testcase classname="testngtopic.multiple.Priority" name="addProfilePic" time="0.009"/>
</testsuite> <!-- testngtopic.multiple.Priority -->
