<?xml version="1.0" encoding="UTF-8"?>
<!-- Generated by org.testng.reporters.JUnitReportReporter -->
<testsuite hostname="DESKTOP-UOB7C2O" failures="0" tests="1" name="testngtopic.ReportLog" time="0.023" errors="0" timestamp="2023-08-21T16:16:05 IST" skipped="0">
  <testcase classname="testngtopic.ReportLog" name="testAddToKart" time="0.023">
    <system-out>
      <![CDATA[Running test case testAddToKart]]>
    </system-out>
  </testcase> <!-- testAddToKart -->
  <system-out>
    <![CDATA[Running test case testAddToKart]]>
  </system-out>
</testsuite> <!-- testngtopic.ReportLog -->
