<?xml version="1.0" encoding="UTF-8"?>
<!-- Generated by org.testng.reporters.JUnitReportReporter -->
<testsuite hostname="DESKTOP-UOB7C2O" failures="0" tests="4" name="testngtopic.multiple.DefaultPriorityExecution" time="0.024" errors="0" timestamp="2023-08-22T19:39:15 IST" skipped="0">
  <testcase classname="testngtopic.multiple.DefaultPriorityExecution" name="addComment" time="0.016"/>
  <testcase classname="testngtopic.multiple.DefaultPriorityExecution" name="addProfilePic" time="0.004"/>
  <testcase classname="testngtopic.multiple.DefaultPriorityExecution" name="addFriend" time="0.002"/>
  <testcase classname="testngtopic.multiple.DefaultPriorityExecution" name="addCloseFriend" time="0.002"/>
</testsuite> <!-- testngtopic.multiple.DefaultPriorityExecution -->
