<?xml version="1.0" encoding="UTF-8"?>
<!-- Generated by org.testng.reporters.JUnitReportReporter -->
<testsuite hostname="DESKTOP-UOB7C2O" failures="0" tests="4" name="testngtopic.multiple.ClassLevelTestAnnotation" time="0.022" errors="0" timestamp="2023-08-23T12:33:21 IST" skipped="0">
  <testcase classname="testngtopic.multiple.ClassLevelTestAnnotation" name="addCloseFriend" time="0.014"/>
  <testcase classname="testngtopic.multiple.ClassLevelTestAnnotation" name="addComment" time="0.003"/>
  <testcase classname="testngtopic.multiple.ClassLevelTestAnnotation" name="addFriend" time="0.002"/>
  <testcase classname="testngtopic.multiple.ClassLevelTestAnnotation" name="addProfilePic" time="0.003"/>
</testsuite> <!-- testngtopic.multiple.ClassLevelTestAnnotation -->
