<?xml version="1.0" encoding="UTF-8"?>
<!-- Generated by org.testng.reporters.JUnitReportReporter -->
<testsuite hostname="DESKTOP-UOB7C2O" failures="0" tests="1" name="testngtopic.xmlconfig.TC007" time="0.016" errors="0" timestamp="2023-08-24T07:11:10 IST" skipped="0">
  <testcase classname="testngtopic.xmlconfig.TC007" name="testLogin4" time="0.016"/>
</testsuite> <!-- testngtopic.xmlconfig.TC007 -->
