<?xml version="1.0" encoding="UTF-8"?>
<!-- Generated by org.testng.reporters.JUnitReportReporter -->
<testsuite hostname="DESKTOP-UOB7C2O" failures="0" tests="4" name="testngtopic.multiple.PriorityOurOwnOrder" time="0.026" errors="0" timestamp="2023-08-22T19:36:44 IST" skipped="0">
  <testcase classname="testngtopic.multiple.PriorityOurOwnOrder" name="addFriend" time="0.015"/>
  <testcase classname="testngtopic.multiple.PriorityOurOwnOrder" name="addCloseFriend" time="0.006"/>
  <testcase classname="testngtopic.multiple.PriorityOurOwnOrder" name="addProfilePic" time="0.002"/>
  <testcase classname="testngtopic.multiple.PriorityOurOwnOrder" name="addComment" time="0.003"/>
</testsuite> <!-- testngtopic.multiple.PriorityOurOwnOrder -->
