<?xml version="1.0" encoding="UTF-8"?>
<!-- Generated by org.testng.reporters.JUnitReportReporter -->
<testsuite hostname="DESKTOP-UOB7C2O" failures="0" tests="4" name="testngtopic.multiple.NegativePriorityOrder" time="0.022" errors="0" timestamp="2023-08-22T19:42:53 IST" skipped="0">
  <testcase classname="testngtopic.multiple.NegativePriorityOrder" name="addFriend" time="0.014"/>
  <testcase classname="testngtopic.multiple.NegativePriorityOrder" name="addProfilePic" time="0.002"/>
  <testcase classname="testngtopic.multiple.NegativePriorityOrder" name="addComment" time="0.004"/>
  <testcase classname="testngtopic.multiple.NegativePriorityOrder" name="addCloseFriend" time="0.002"/>
</testsuite> <!-- testngtopic.multiple.NegativePriorityOrder -->
