<?xml version="1.0" encoding="UTF-8"?>
<!-- Generated by org.testng.reporters.JUnitReportReporter -->
<testsuite hostname="DESKTOP-UOB7C2O" failures="0" tests="1" name="testngtopic.multiple.DisableClassAndEnableTestCase" time="0.013" errors="0" timestamp="2023-08-23T12:37:02 IST" skipped="0">
  <testcase classname="testngtopic.multiple.DisableClassAndEnableTestCase" name="addComment" time="0.013"/>
</testsuite> <!-- testngtopic.multiple.DisableClassAndEnableTestCase -->
