<?xml version="1.0" encoding="UTF-8"?>
<!-- Generated by org.testng.reporters.JUnitReportReporter -->
<testsuite hostname="DESKTOP-UOB7C2O" failures="0" tests="2" name="testngtopic.xmlconfig.TC009" time="81.126" errors="0" timestamp="2023-08-24T12:24:25 IST" skipped="0">
  <testcase classname="testngtopic.xmlconfig.TC009" name="testUsers" time="40.720"/>
  <testcase classname="testngtopic.xmlconfig.TC009" name="testUsers" time="40.406"/>
</testsuite> <!-- testngtopic.xmlconfig.TC009 -->
