<?xml version="1.0" encoding="UTF-8"?>
<!-- Generated by org.testng.reporters.JUnitReportReporter -->
<testsuite hostname="DESKTOP-UOB7C2O" failures="0" tests="2" name="testngtopic.Assert.MultipleParallelDescriptionTestcase" time="28.448" errors="0" timestamp="2023-08-21T16:44:59 IST" skipped="0">
  <testcase classname="testngtopic.Assert.MultipleParallelDescriptionTestcase" name="testLogin" time="13.552"/>
  <testcase classname="testngtopic.Assert.MultipleParallelDescriptionTestcase" name="testLogin" time="14.896"/>
</testsuite> <!-- testngtopic.Assert.MultipleParallelDescriptionTestcase -->
