<?xml version="1.0" encoding="UTF-8"?>
<!-- Generated by org.testng.reporters.JUnitReportReporter -->
<testsuite hostname="DESKTOP-UOB7C2O" failures="0" tests="2" name="testngtopic.multiple.GroupDependency" time="0.020" errors="0" timestamp="2023-08-23T16:26:03 IST" skipped="0">
  <testcase classname="testngtopic.multiple.GroupDependency" name="login" time="0.002"/>
  <testcase classname="testngtopic.multiple.GroupDependency" name="addFriend" time="0.018"/>
</testsuite> <!-- testngtopic.multiple.GroupDependency -->
