<?xml version="1.0" encoding="UTF-8"?>
<!-- Generated by org.testng.reporters.JUnitReportReporter -->
<testsuite hostname="DESKTOP-UOB7C2O" failures="0" tests="1" name="testngtopic.real.TC001TestReports" time="22.354" errors="0" timestamp="2023-08-30T13:49:33 IST" skipped="0">
  <testcase classname="testngtopic.real.TC001TestReports" name="testReports" time="22.354"/>
</testsuite> <!-- testngtopic.real.TC001TestReports -->
