<?xml version="1.0" encoding="UTF-8"?>
<!-- Generated by org.testng.reporters.JUnitReportReporter -->
<testsuite hostname="DESKTOP-UOB7C2O" failures="0" tests="1" name="testngtopic.xmlconfig.TC002" time="0.012" errors="0" timestamp="2023-08-23T19:34:10 IST" skipped="0">
  <testcase classname="testngtopic.xmlconfig.TC002" name="testProfile" time="0.012"/>
</testsuite> <!-- testngtopic.xmlconfig.TC002 -->
