<?xml version="1.0" encoding="UTF-8"?>
<!-- Generated by org.testng.reporters.JUnitReportReporter -->
<testsuite hostname="DESKTOP-UOB7C2O" failures="0" tests="4" name="testngtopic.multiple.DisabledTestAnnotation" time="0.022" errors="0" timestamp="2023-08-23T12:21:07 IST" skipped="2">
  <testcase classname="testngtopic.multiple.DisabledTestAnnotation" name="addComment" time="0.020"/>
  <testcase classname="testngtopic.multiple.DisabledTestAnnotation" name="addFrien" time="0.002"/>
  <testcase classname="testngtopic.multiple.DisabledTestAnnotation" name="addCloseFriend">
    <skipped/>
  </testcase> <!-- addCloseFriend -->
  <testcase classname="testngtopic.multiple.DisabledTestAnnotation" name="addProfilePic">
    <skipped/>
  </testcase> <!-- addProfilePic -->
</testsuite> <!-- testngtopic.multiple.DisabledTestAnnotation -->
