<?xml version="1.0" encoding="UTF-8"?>
<!-- Generated by org.testng.reporters.JUnitReportReporter -->
<testsuite hostname="DESKTOP-UOB7C2O" failures="0" tests="2" name="testngtopic.xmlconfig.TC023" time="0.004" errors="0" timestamp="2023-08-30T17:06:19 IST" skipped="0">
  <testcase classname="testngtopic.xmlconfig.TC023" name="addFamily2" time="0.002"/>
  <testcase classname="testngtopic.xmlconfig.TC023" name="addFamily2" time="0.002"/>
</testsuite> <!-- testngtopic.xmlconfig.TC023 -->
