<?xml version="1.0" encoding="UTF-8"?>
<!-- Generated by org.testng.reporters.JUnitReportReporter -->
<testsuite hostname="DESKTOP-UOB7C2O" failures="0" tests="1" name="testngtopic.real.TC002TestUsers" time="22.422" errors="0" timestamp="2023-08-30T13:49:33 IST" skipped="0">
  <testcase classname="testngtopic.real.TC002TestUsers" name="testUsers" time="22.422"/>
</testsuite> <!-- testngtopic.real.TC002TestUsers -->
