<?xml version="1.0" encoding="UTF-8"?>
<!-- Generated by org.testng.reporters.JUnitReportReporter -->
<testsuite hostname="DESKTOP-UOB7C2O" failures="0" tests="2" name="testngtopic.xmlconfig.TC013" time="0.030" errors="0" timestamp="2023-08-24T18:23:21 IST" skipped="0">
  <testcase classname="testngtopic.xmlconfig.TC013" name="testCase1" time="0.025"/>
  <testcase classname="testngtopic.xmlconfig.TC013" name="testCase2" time="0.005"/>
</testsuite> <!-- testngtopic.xmlconfig.TC013 -->
