<?xml version="1.0" encoding="UTF-8"?>
<!-- Generated by org.testng.reporters.JUnitReportReporter -->
<testsuite hostname="DESKTOP-UOB7C2O" failures="0" tests="1" name="testngtopic.Assert.Assert1" time="17.788" errors="0" timestamp="2023-08-21T16:16:45 IST" skipped="0">
  <testcase classname="testngtopic.Assert.Assert1" name="testLogin" time="17.788"/>
</testsuite> <!-- testngtopic.Assert.Assert1 -->
