<?xml version="1.0" encoding="UTF-8"?>
<!-- Generated by org.testng.reporters.JUnitReportReporter -->
<testsuite hostname="DESKTOP-UOB7C2O" failures="0" tests="5" name="testngtopic.multiple.HandleExceptionArrayList" time="0.038" errors="0" timestamp="2023-08-21T20:23:51 IST" skipped="0">
  <testcase classname="testngtopic.multiple.HandleExceptionArrayList" name="testProducts" time="0.003"/>
  <testcase classname="testngtopic.multiple.HandleExceptionArrayList" name="testProducts" time="0.005"/>
  <testcase classname="testngtopic.multiple.HandleExceptionArrayList" name="testProducts" time="0.005"/>
  <testcase classname="testngtopic.multiple.HandleExceptionArrayList" name="testProducts" time="0.021"/>
  <testcase classname="testngtopic.multiple.HandleExceptionArrayList" name="testProducts" time="0.004"/>
</testsuite> <!-- testngtopic.multiple.HandleExceptionArrayList -->
