<?xml version="1.0" encoding="UTF-8"?>
<!-- Generated by org.testng.reporters.JUnitReportReporter -->
<testsuite hostname="DESKTOP-UOB7C2O" failures="0" tests="2" name="testngtopic.xmlconfig.TC010" time="0.018" errors="0" timestamp="2023-08-24T17:31:23 IST" skipped="0">
  <testcase classname="testngtopic.xmlconfig.TC010" name="createCustomer" time="0.016"/>
  <testcase classname="testngtopic.xmlconfig.TC010" name="deleteCustomer" time="0.002"/>
</testsuite> <!-- testngtopic.xmlconfig.TC010 -->
