<?xml version="1.0" encoding="UTF-8"?>
<!-- Generated by org.testng.reporters.JUnitReportReporter -->
<testsuite hostname="DESKTOP-UOB7C2O" failures="0" tests="2" name="testngtopic.real.TC003TestUsersAndReports" time="10.356" errors="0" timestamp="2023-08-30T16:43:39 IST" skipped="0">
  <testcase classname="testngtopic.real.TC003TestUsersAndReports" name="testUsers" time="5.200"/>
  <testcase classname="testngtopic.real.TC003TestUsersAndReports" name="testReports" time="5.156"/>
</testsuite> <!-- testngtopic.real.TC003TestUsersAndReports -->
