<?xml version="1.0" encoding="UTF-8"?>
<!-- Generated by org.testng.reporters.JUnitReportReporter -->
<testsuite hostname="DESKTOP-UOB7C2O" failures="0" tests="2" name="testngtopic.xmlconfig.TC012" time="0.025" errors="0" timestamp="2023-08-24T18:21:15 IST" skipped="0">
  <testcase classname="testngtopic.xmlconfig.TC012" name="testCase" time="0.014"/>
  <testcase classname="testngtopic.xmlconfig.TC012" name="testCase" time="0.011"/>
</testsuite> <!-- testngtopic.xmlconfig.TC012 -->
